<?xml version="1.0" encoding="UTF-8"?>
<!-- Generated by org.testng.reporters.JUnitXMLReporter -->
<testsuite hostname="Lenovo-PC" name="Validate User Test" tests="3" failures="0" timestamp="20 Jul 2018 10:46:25 GMT" time="15.894" errors="0">
  <testcase name="testValidateUser" time="5.634" classname="unicodeTech.Module1.ValidateUser"/>
  <testcase name="testValidateUser" time="4.747" classname="unicodeTech.Module1.ValidateUser"/>
  <testcase name="testValidateUser" time="5.5" classname="unicodeTech.Module1.ValidateUser"/>
</testsuite> <!-- Validate User Test -->
